2018-11-12 15:11:55,479 STREAM b'IHDR' 16 13
2018-11-12 15:11:55,479 STREAM b'iCCP' 41 3146
2018-11-12 15:11:55,479 iCCP profile name b'ICC Profile'
2018-11-12 15:11:55,479 Compression method 0
2018-11-12 15:11:55,479 STREAM b'pHYs' 3199 9
2018-11-12 15:11:55,479 STREAM b'iTXt' 3220 415
2018-11-12 15:11:55,479 STREAM b'iDOT' 3647 28
2018-11-12 15:11:55,479 b'iDOT' 3647 28 (unknown)
2018-11-12 15:11:55,480 STREAM b'IDAT' 3687 16384
2018-11-12 15:59:16,123 STREAM b'IHDR' 16 13
2018-11-12 15:59:16,123 STREAM b'iCCP' 41 3146
2018-11-12 15:59:16,123 iCCP profile name b'ICC Profile'
2018-11-12 15:59:16,123 Compression method 0
2018-11-12 15:59:16,123 STREAM b'pHYs' 3199 9
2018-11-12 15:59:16,123 STREAM b'iTXt' 3220 415
2018-11-12 15:59:16,123 STREAM b'iDOT' 3647 28
2018-11-12 15:59:16,124 b'iDOT' 3647 28 (unknown)
2018-11-12 15:59:16,124 STREAM b'IDAT' 3687 16384
2018-11-12 20:03:14,518 STREAM b'IHDR' 16 13
2018-11-12 20:03:14,519 STREAM b'iCCP' 41 3146
2018-11-12 20:03:14,519 iCCP profile name b'ICC Profile'
2018-11-12 20:03:14,519 Compression method 0
2018-11-12 20:03:14,519 STREAM b'pHYs' 3199 9
2018-11-12 20:03:14,519 STREAM b'iTXt' 3220 415
2018-11-12 20:03:14,519 STREAM b'iDOT' 3647 28
2018-11-12 20:03:14,519 b'iDOT' 3647 28 (unknown)
2018-11-12 20:03:14,519 STREAM b'IDAT' 3687 16384
2018-11-16 17:59:29,713 STREAM b'IHDR' 16 13
2018-11-16 17:59:29,713 STREAM b'iCCP' 41 3146
2018-11-16 17:59:29,714 iCCP profile name b'ICC Profile'
2018-11-16 17:59:29,714 Compression method 0
2018-11-16 17:59:29,714 STREAM b'pHYs' 3199 9
2018-11-16 17:59:29,714 STREAM b'iTXt' 3220 415
2018-11-16 17:59:29,714 STREAM b'iDOT' 3647 28
2018-11-16 17:59:29,714 b'iDOT' 3647 28 (unknown)
2018-11-16 17:59:29,714 STREAM b'IDAT' 3687 16384
2018-11-16 18:18:28,706 STREAM b'IHDR' 16 13
2018-11-16 18:18:28,707 STREAM b'iCCP' 41 3146
2018-11-16 18:18:28,707 iCCP profile name b'ICC Profile'
2018-11-16 18:18:28,707 Compression method 0
2018-11-16 18:18:28,707 STREAM b'pHYs' 3199 9
2018-11-16 18:18:28,707 STREAM b'iTXt' 3220 415
2018-11-16 18:18:28,707 STREAM b'iDOT' 3647 28
2018-11-16 18:18:28,707 b'iDOT' 3647 28 (unknown)
2018-11-16 18:18:28,707 STREAM b'IDAT' 3687 16384
2018-11-16 18:37:35,092 STREAM b'IHDR' 16 13
2018-11-16 18:37:35,093 STREAM b'iCCP' 41 3146
2018-11-16 18:37:35,093 iCCP profile name b'ICC Profile'
2018-11-16 18:37:35,093 Compression method 0
2018-11-16 18:37:35,093 STREAM b'pHYs' 3199 9
2018-11-16 18:37:35,093 STREAM b'iTXt' 3220 415
2018-11-16 18:37:35,093 STREAM b'iDOT' 3647 28
2018-11-16 18:37:35,093 b'iDOT' 3647 28 (unknown)
2018-11-16 18:37:35,093 STREAM b'IDAT' 3687 16384
2018-11-16 18:37:55,129 STREAM b'IHDR' 16 13
2018-11-16 18:37:55,130 STREAM b'iCCP' 41 3146
2018-11-16 18:37:55,130 iCCP profile name b'ICC Profile'
2018-11-16 18:37:55,130 Compression method 0
2018-11-16 18:37:55,130 STREAM b'pHYs' 3199 9
2018-11-16 18:37:55,130 STREAM b'iTXt' 3220 415
2018-11-16 18:37:55,130 STREAM b'iDOT' 3647 28
2018-11-16 18:37:55,130 b'iDOT' 3647 28 (unknown)
2018-11-16 18:37:55,130 STREAM b'IDAT' 3687 16384
2018-11-16 18:38:07,816 STREAM b'IHDR' 16 13
2018-11-16 18:38:07,816 STREAM b'iCCP' 41 3146
2018-11-16 18:38:07,816 iCCP profile name b'ICC Profile'
2018-11-16 18:38:07,816 Compression method 0
2018-11-16 18:38:07,816 STREAM b'pHYs' 3199 9
2018-11-16 18:38:07,817 STREAM b'iTXt' 3220 415
2018-11-16 18:38:07,817 STREAM b'iDOT' 3647 28
2018-11-16 18:38:07,817 b'iDOT' 3647 28 (unknown)
2018-11-16 18:38:07,817 STREAM b'IDAT' 3687 16384
2018-11-16 18:38:36,411 STREAM b'IHDR' 16 13
2018-11-16 18:38:36,411 STREAM b'iCCP' 41 3146
2018-11-16 18:38:36,411 iCCP profile name b'ICC Profile'
2018-11-16 18:38:36,411 Compression method 0
2018-11-16 18:38:36,412 STREAM b'pHYs' 3199 9
2018-11-16 18:38:36,412 STREAM b'iTXt' 3220 415
2018-11-16 18:38:36,412 STREAM b'iDOT' 3647 28
2018-11-16 18:38:36,412 b'iDOT' 3647 28 (unknown)
2018-11-16 18:38:36,412 STREAM b'IDAT' 3687 16384
2018-11-17 17:33:18,545 'c'
2018-11-17 17:33:18,671 'l'
2018-11-17 17:33:18,812 'e'
2018-11-17 17:33:18,951 'a'
2018-11-17 17:33:19,030 'r'
2018-11-17 17:33:20,076 'c'
2018-11-18 18:15:27,077 STREAM b'IHDR' 16 13
2018-11-18 18:15:27,078 STREAM b'iCCP' 41 3146
2018-11-18 18:15:27,078 iCCP profile name b'ICC Profile'
2018-11-18 18:15:27,079 Compression method 0
2018-11-18 18:15:27,079 STREAM b'pHYs' 3199 9
2018-11-18 18:15:27,079 STREAM b'iTXt' 3220 415
2018-11-18 18:15:27,079 STREAM b'iDOT' 3647 28
2018-11-18 18:15:27,079 b'iDOT' 3647 28 (unknown)
2018-11-18 18:15:27,080 STREAM b'IDAT' 3687 16384
2018-11-18 18:29:55,078 STREAM b'IHDR' 16 13
2018-11-18 18:29:55,078 STREAM b'iCCP' 41 3146
2018-11-18 18:29:55,078 iCCP profile name b'ICC Profile'
2018-11-18 18:29:55,079 Compression method 0
2018-11-18 18:29:55,079 STREAM b'pHYs' 3199 9
2018-11-18 18:29:55,079 STREAM b'iTXt' 3220 415
2018-11-18 18:29:55,079 STREAM b'iDOT' 3647 28
2018-11-18 18:29:55,079 b'iDOT' 3647 28 (unknown)
2018-11-18 18:29:55,079 STREAM b'IDAT' 3687 16384
2018-11-18 18:31:03,001 STREAM b'IHDR' 16 13
2018-11-18 18:31:03,001 STREAM b'iCCP' 41 3146
2018-11-18 18:31:03,002 iCCP profile name b'ICC Profile'
2018-11-18 18:31:03,003 Compression method 0
2018-11-18 18:31:03,003 STREAM b'pHYs' 3199 9
2018-11-18 18:31:03,003 STREAM b'iTXt' 3220 415
2018-11-18 18:31:03,003 STREAM b'iDOT' 3647 28
2018-11-18 18:31:03,003 b'iDOT' 3647 28 (unknown)
2018-11-18 18:31:03,003 STREAM b'IDAT' 3687 16384
2018-11-18 18:34:36,228 STREAM b'IHDR' 16 13
2018-11-18 18:34:36,229 STREAM b'iCCP' 41 3146
2018-11-18 18:34:36,229 iCCP profile name b'ICC Profile'
2018-11-18 18:34:36,230 Compression method 0
2018-11-18 18:34:36,230 STREAM b'pHYs' 3199 9
2018-11-18 18:34:36,230 STREAM b'iTXt' 3220 415
2018-11-18 18:34:36,230 STREAM b'iDOT' 3647 28
2018-11-18 18:34:36,230 b'iDOT' 3647 28 (unknown)
2018-11-18 18:34:36,230 STREAM b'IDAT' 3687 16384
2018-11-18 18:41:21,560 STREAM b'IHDR' 16 13
2018-11-18 18:41:21,560 STREAM b'iCCP' 41 3146
2018-11-18 18:41:21,560 iCCP profile name b'ICC Profile'
2018-11-18 18:41:21,560 Compression method 0
2018-11-18 18:41:21,560 STREAM b'pHYs' 3199 9
2018-11-18 18:41:21,560 STREAM b'iTXt' 3220 415
2018-11-18 18:41:21,561 STREAM b'iDOT' 3647 28
2018-11-18 18:41:21,561 b'iDOT' 3647 28 (unknown)
2018-11-18 18:41:21,561 STREAM b'IDAT' 3687 16384
2018-11-18 18:48:43,408 STREAM b'IHDR' 16 13
2018-11-18 18:48:43,408 STREAM b'iCCP' 41 3146
2018-11-18 18:48:43,408 iCCP profile name b'ICC Profile'
2018-11-18 18:48:43,409 Compression method 0
2018-11-18 18:48:43,409 STREAM b'pHYs' 3199 9
2018-11-18 18:48:43,410 STREAM b'iTXt' 3220 415
2018-11-18 18:48:43,410 STREAM b'iDOT' 3647 28
2018-11-18 18:48:43,410 b'iDOT' 3647 28 (unknown)
2018-11-18 18:48:43,410 STREAM b'IDAT' 3687 16384
2018-11-18 19:03:00,325 STREAM b'IHDR' 16 13
2018-11-18 19:03:00,325 STREAM b'iCCP' 41 3146
2018-11-18 19:03:00,325 iCCP profile name b'ICC Profile'
2018-11-18 19:03:00,326 Compression method 0
2018-11-18 19:03:00,327 STREAM b'pHYs' 3199 9
2018-11-18 19:03:00,327 STREAM b'iTXt' 3220 415
2018-11-18 19:03:00,327 STREAM b'iDOT' 3647 28
2018-11-18 19:03:00,327 b'iDOT' 3647 28 (unknown)
2018-11-18 19:03:00,327 STREAM b'IDAT' 3687 16384
2018-11-18 19:04:38,657 STREAM b'IHDR' 16 13
2018-11-18 19:04:38,657 STREAM b'iCCP' 41 3146
2018-11-18 19:04:38,657 iCCP profile name b'ICC Profile'
2018-11-18 19:04:38,658 Compression method 0
2018-11-18 19:04:38,658 STREAM b'pHYs' 3199 9
2018-11-18 19:04:38,658 STREAM b'iTXt' 3220 415
2018-11-18 19:04:38,658 STREAM b'iDOT' 3647 28
2018-11-18 19:04:38,658 b'iDOT' 3647 28 (unknown)
2018-11-18 19:04:38,658 STREAM b'IDAT' 3687 16384
2018-11-18 19:05:10,114 STREAM b'IHDR' 16 13
2018-11-18 19:05:10,114 STREAM b'iCCP' 41 3146
2018-11-18 19:05:10,114 iCCP profile name b'ICC Profile'
2018-11-18 19:05:10,114 Compression method 0
2018-11-18 19:05:10,114 STREAM b'pHYs' 3199 9
2018-11-18 19:05:10,114 STREAM b'iTXt' 3220 415
2018-11-18 19:05:10,115 STREAM b'iDOT' 3647 28
2018-11-18 19:05:10,115 b'iDOT' 3647 28 (unknown)
2018-11-18 19:05:10,115 STREAM b'IDAT' 3687 16384
2018-11-18 19:06:10,243 STREAM b'IHDR' 16 13
2018-11-18 19:06:10,243 STREAM b'iCCP' 41 3146
2018-11-18 19:06:10,243 iCCP profile name b'ICC Profile'
2018-11-18 19:06:10,244 Compression method 0
2018-11-18 19:06:10,244 STREAM b'pHYs' 3199 9
2018-11-18 19:06:10,244 STREAM b'iTXt' 3220 415
2018-11-18 19:06:10,244 STREAM b'iDOT' 3647 28
2018-11-18 19:06:10,244 b'iDOT' 3647 28 (unknown)
2018-11-18 19:06:10,244 STREAM b'IDAT' 3687 16384
2018-11-18 19:06:33,307 STREAM b'IHDR' 16 13
2018-11-18 19:06:33,308 STREAM b'iCCP' 41 3146
2018-11-18 19:06:33,308 iCCP profile name b'ICC Profile'
2018-11-18 19:06:33,308 Compression method 0
2018-11-18 19:06:33,308 STREAM b'pHYs' 3199 9
2018-11-18 19:06:33,308 STREAM b'iTXt' 3220 415
2018-11-18 19:06:33,308 STREAM b'iDOT' 3647 28
2018-11-18 19:06:33,308 b'iDOT' 3647 28 (unknown)
2018-11-18 19:06:33,308 STREAM b'IDAT' 3687 16384
2018-11-19 14:55:11,676 STREAM b'IHDR' 16 13
2018-11-19 14:55:11,676 STREAM b'iCCP' 41 3146
2018-11-19 14:55:11,676 iCCP profile name b'ICC Profile'
2018-11-19 14:55:11,676 Compression method 0
2018-11-19 14:55:11,677 STREAM b'pHYs' 3199 9
2018-11-19 14:55:11,677 STREAM b'iTXt' 3220 415
2018-11-19 14:55:11,677 STREAM b'iDOT' 3647 28
2018-11-19 14:55:11,677 b'iDOT' 3647 28 (unknown)
2018-11-19 14:55:11,677 STREAM b'IDAT' 3687 16384
2018-11-19 14:56:42,162 STREAM b'IHDR' 16 13
2018-11-19 14:56:42,162 STREAM b'iCCP' 41 3146
2018-11-19 14:56:42,162 iCCP profile name b'ICC Profile'
2018-11-19 14:56:42,162 Compression method 0
2018-11-19 14:56:42,162 STREAM b'pHYs' 3199 9
2018-11-19 14:56:42,162 STREAM b'iTXt' 3220 415
2018-11-19 14:56:42,162 STREAM b'iDOT' 3647 28
2018-11-19 14:56:42,162 b'iDOT' 3647 28 (unknown)
2018-11-19 14:56:42,163 STREAM b'IDAT' 3687 16384
2018-11-19 16:05:40,776 STREAM b'IHDR' 16 13
2018-11-19 16:05:40,776 STREAM b'iCCP' 41 3146
2018-11-19 16:05:40,776 iCCP profile name b'ICC Profile'
2018-11-19 16:05:40,776 Compression method 0
2018-11-19 16:05:40,776 STREAM b'pHYs' 3199 9
2018-11-19 16:05:40,776 STREAM b'iTXt' 3220 415
2018-11-19 16:05:40,776 STREAM b'iDOT' 3647 28
2018-11-19 16:05:40,776 b'iDOT' 3647 28 (unknown)
2018-11-19 16:05:40,776 STREAM b'IDAT' 3687 16384
2018-11-19 16:06:53,624 STREAM b'IHDR' 16 13
2018-11-19 16:06:53,624 STREAM b'iCCP' 41 3146
2018-11-19 16:06:53,624 iCCP profile name b'ICC Profile'
2018-11-19 16:06:53,625 Compression method 0
2018-11-19 16:06:53,625 STREAM b'pHYs' 3199 9
2018-11-19 16:06:53,625 STREAM b'iTXt' 3220 415
2018-11-19 16:06:53,625 STREAM b'iDOT' 3647 28
2018-11-19 16:06:53,625 b'iDOT' 3647 28 (unknown)
2018-11-19 16:06:53,625 STREAM b'IDAT' 3687 16384
2018-11-19 16:08:56,952 STREAM b'IHDR' 16 13
2018-11-19 16:08:56,952 STREAM b'iCCP' 41 3146
2018-11-19 16:08:56,952 iCCP profile name b'ICC Profile'
2018-11-19 16:08:56,953 Compression method 0
2018-11-19 16:08:56,953 STREAM b'pHYs' 3199 9
2018-11-19 16:08:56,953 STREAM b'iTXt' 3220 415
2018-11-19 16:08:56,953 STREAM b'iDOT' 3647 28
2018-11-19 16:08:56,953 b'iDOT' 3647 28 (unknown)
2018-11-19 16:08:56,953 STREAM b'IDAT' 3687 16384
2018-11-19 16:09:33,781 STREAM b'IHDR' 16 13
2018-11-19 16:09:33,782 STREAM b'iCCP' 41 3146
2018-11-19 16:09:33,782 iCCP profile name b'ICC Profile'
2018-11-19 16:09:33,782 Compression method 0
2018-11-19 16:09:33,782 STREAM b'pHYs' 3199 9
2018-11-19 16:09:33,782 STREAM b'iTXt' 3220 415
2018-11-19 16:09:33,782 STREAM b'iDOT' 3647 28
2018-11-19 16:09:33,782 b'iDOT' 3647 28 (unknown)
2018-11-19 16:09:33,782 STREAM b'IDAT' 3687 16384
2018-11-19 16:09:56,135 STREAM b'IHDR' 16 13
2018-11-19 16:09:56,135 STREAM b'iCCP' 41 3146
2018-11-19 16:09:56,135 iCCP profile name b'ICC Profile'
2018-11-19 16:09:56,136 Compression method 0
2018-11-19 16:09:56,136 STREAM b'pHYs' 3199 9
2018-11-19 16:09:56,136 STREAM b'iTXt' 3220 415
2018-11-19 16:09:56,136 STREAM b'iDOT' 3647 28
2018-11-19 16:09:56,137 b'iDOT' 3647 28 (unknown)
2018-11-19 16:09:56,137 STREAM b'IDAT' 3687 16384
2018-11-22 11:08:01,760 STREAM b'IHDR' 16 13
2018-11-22 11:08:01,760 STREAM b'iCCP' 41 3146
2018-11-22 11:08:01,761 iCCP profile name b'ICC Profile'
2018-11-22 11:08:01,762 Compression method 0
2018-11-22 11:08:01,762 STREAM b'pHYs' 3199 9
2018-11-22 11:08:01,762 STREAM b'iTXt' 3220 415
2018-11-22 11:08:01,762 STREAM b'iDOT' 3647 28
2018-11-22 11:08:01,762 b'iDOT' 3647 28 (unknown)
2018-11-22 11:08:01,762 STREAM b'IDAT' 3687 16384
2018-11-22 11:10:09,390 STREAM b'IHDR' 16 13
2018-11-22 11:10:09,391 STREAM b'iCCP' 41 3146
2018-11-22 11:10:09,391 iCCP profile name b'ICC Profile'
2018-11-22 11:10:09,392 Compression method 0
2018-11-22 11:10:09,392 STREAM b'pHYs' 3199 9
2018-11-22 11:10:09,392 STREAM b'iTXt' 3220 415
2018-11-22 11:10:09,392 STREAM b'iDOT' 3647 28
2018-11-22 11:10:09,392 b'iDOT' 3647 28 (unknown)
2018-11-22 11:10:09,392 STREAM b'IDAT' 3687 16384
2018-11-22 11:15:22,203 STREAM b'IHDR' 16 13
2018-11-22 11:15:22,203 STREAM b'iCCP' 41 3146
2018-11-22 11:15:22,203 iCCP profile name b'ICC Profile'
2018-11-22 11:15:22,203 Compression method 0
2018-11-22 11:15:22,203 STREAM b'pHYs' 3199 9
2018-11-22 11:15:22,204 STREAM b'iTXt' 3220 415
2018-11-22 11:15:22,204 STREAM b'iDOT' 3647 28
2018-11-22 11:15:22,204 b'iDOT' 3647 28 (unknown)
2018-11-22 11:15:22,204 STREAM b'IDAT' 3687 16384
2018-11-22 11:20:01,475 STREAM b'IHDR' 16 13
2018-11-22 11:20:01,475 STREAM b'iCCP' 41 3146
2018-11-22 11:20:01,475 iCCP profile name b'ICC Profile'
2018-11-22 11:20:01,476 Compression method 0
2018-11-22 11:20:01,476 STREAM b'pHYs' 3199 9
2018-11-22 11:20:01,476 STREAM b'iTXt' 3220 415
2018-11-22 11:20:01,476 STREAM b'iDOT' 3647 28
2018-11-22 11:20:01,476 b'iDOT' 3647 28 (unknown)
2018-11-22 11:20:01,476 STREAM b'IDAT' 3687 16384
2018-11-22 11:25:11,328 STREAM b'IHDR' 16 13
2018-11-22 11:25:11,328 STREAM b'iCCP' 41 3146
2018-11-22 11:25:11,328 iCCP profile name b'ICC Profile'
2018-11-22 11:25:11,330 Compression method 0
2018-11-22 11:25:11,330 STREAM b'pHYs' 3199 9
2018-11-22 11:25:11,330 STREAM b'iTXt' 3220 415
2018-11-22 11:25:11,330 STREAM b'iDOT' 3647 28
2018-11-22 11:25:11,330 b'iDOT' 3647 28 (unknown)
2018-11-22 11:25:11,330 STREAM b'IDAT' 3687 16384
2018-11-22 11:26:43,668 STREAM b'IHDR' 16 13
2018-11-22 11:26:43,669 STREAM b'iCCP' 41 3146
2018-11-22 11:26:43,669 iCCP profile name b'ICC Profile'
2018-11-22 11:26:43,670 Compression method 0
2018-11-22 11:26:43,671 STREAM b'pHYs' 3199 9
2018-11-22 11:26:43,671 STREAM b'iTXt' 3220 415
2018-11-22 11:26:43,671 STREAM b'iDOT' 3647 28
2018-11-22 11:26:43,671 b'iDOT' 3647 28 (unknown)
2018-11-22 11:26:43,671 STREAM b'IDAT' 3687 16384
2018-11-22 11:27:06,617 STREAM b'IHDR' 16 13
2018-11-22 11:27:06,617 STREAM b'iCCP' 41 3146
2018-11-22 11:27:06,617 iCCP profile name b'ICC Profile'
2018-11-22 11:27:06,618 Compression method 0
2018-11-22 11:27:06,618 STREAM b'pHYs' 3199 9
2018-11-22 11:27:06,618 STREAM b'iTXt' 3220 415
2018-11-22 11:27:06,618 STREAM b'iDOT' 3647 28
2018-11-22 11:27:06,618 b'iDOT' 3647 28 (unknown)
2018-11-22 11:27:06,618 STREAM b'IDAT' 3687 16384
2018-11-22 11:27:59,515 STREAM b'IHDR' 16 13
2018-11-22 11:27:59,515 STREAM b'iCCP' 41 3146
2018-11-22 11:27:59,516 iCCP profile name b'ICC Profile'
2018-11-22 11:27:59,517 Compression method 0
2018-11-22 11:27:59,517 STREAM b'pHYs' 3199 9
2018-11-22 11:27:59,517 STREAM b'iTXt' 3220 415
2018-11-22 11:27:59,517 STREAM b'iDOT' 3647 28
2018-11-22 11:27:59,517 b'iDOT' 3647 28 (unknown)
2018-11-22 11:27:59,517 STREAM b'IDAT' 3687 16384
2018-11-22 11:29:44,013 STREAM b'IHDR' 16 13
2018-11-22 11:29:44,013 STREAM b'iCCP' 41 3146
2018-11-22 11:29:44,013 iCCP profile name b'ICC Profile'
2018-11-22 11:29:44,014 Compression method 0
2018-11-22 11:29:44,014 STREAM b'pHYs' 3199 9
2018-11-22 11:29:44,014 STREAM b'iTXt' 3220 415
2018-11-22 11:29:44,014 STREAM b'iDOT' 3647 28
2018-11-22 11:29:44,014 b'iDOT' 3647 28 (unknown)
2018-11-22 11:29:44,014 STREAM b'IDAT' 3687 16384
2018-11-22 11:30:44,562 STREAM b'IHDR' 16 13
2018-11-22 11:30:44,562 STREAM b'iCCP' 41 3146
2018-11-22 11:30:44,562 iCCP profile name b'ICC Profile'
2018-11-22 11:30:44,563 Compression method 0
2018-11-22 11:30:44,563 STREAM b'pHYs' 3199 9
2018-11-22 11:30:44,563 STREAM b'iTXt' 3220 415
2018-11-22 11:30:44,563 STREAM b'iDOT' 3647 28
2018-11-22 11:30:44,564 b'iDOT' 3647 28 (unknown)
2018-11-22 11:30:44,564 STREAM b'IDAT' 3687 16384
2018-11-23 16:43:49,335 STREAM b'IHDR' 16 13
2018-11-23 16:43:49,336 STREAM b'iCCP' 41 3146
2018-11-23 16:43:49,336 iCCP profile name b'ICC Profile'
2018-11-23 16:43:49,336 Compression method 0
2018-11-23 16:43:49,336 STREAM b'pHYs' 3199 9
2018-11-23 16:43:49,336 STREAM b'iTXt' 3220 415
2018-11-23 16:43:49,336 STREAM b'iDOT' 3647 28
2018-11-23 16:43:49,336 b'iDOT' 3647 28 (unknown)
2018-11-23 16:43:49,336 STREAM b'IDAT' 3687 16384
2018-11-26 09:59:56,085 STREAM b'IHDR' 16 13
2018-11-26 09:59:56,086 STREAM b'iCCP' 41 3146
2018-11-26 09:59:56,086 iCCP profile name b'ICC Profile'
2018-11-26 09:59:56,086 Compression method 0
2018-11-26 09:59:56,086 STREAM b'pHYs' 3199 9
2018-11-26 09:59:56,086 STREAM b'iTXt' 3220 415
2018-11-26 09:59:56,086 STREAM b'iDOT' 3647 28
2018-11-26 09:59:56,086 b'iDOT' 3647 28 (unknown)
2018-11-26 09:59:56,086 STREAM b'IDAT' 3687 16384
2018-11-26 22:19:48,757 STREAM b'IHDR' 16 13
2018-11-26 22:19:48,758 STREAM b'iCCP' 41 3146
2018-11-26 22:19:48,758 iCCP profile name b'ICC Profile'
2018-11-26 22:19:48,758 Compression method 0
2018-11-26 22:19:48,758 STREAM b'pHYs' 3199 9
2018-11-26 22:19:48,758 STREAM b'iTXt' 3220 415
2018-11-26 22:19:48,758 STREAM b'iDOT' 3647 28
2018-11-26 22:19:48,758 b'iDOT' 3647 28 (unknown)
2018-11-26 22:19:48,758 STREAM b'IDAT' 3687 16384
2018-11-26 22:30:16,440 STREAM b'IHDR' 16 13
2018-11-26 22:30:16,440 STREAM b'iCCP' 41 3146
2018-11-26 22:30:16,440 iCCP profile name b'ICC Profile'
2018-11-26 22:30:16,440 Compression method 0
2018-11-26 22:30:16,440 STREAM b'pHYs' 3199 9
2018-11-26 22:30:16,440 STREAM b'iTXt' 3220 415
2018-11-26 22:30:16,440 STREAM b'iDOT' 3647 28
2018-11-26 22:30:16,441 b'iDOT' 3647 28 (unknown)
2018-11-26 22:30:16,441 STREAM b'IDAT' 3687 16384
2018-11-26 22:32:15,283 STREAM b'IHDR' 16 13
2018-11-26 22:32:15,283 STREAM b'iCCP' 41 3146
2018-11-26 22:32:15,284 iCCP profile name b'ICC Profile'
2018-11-26 22:32:15,284 Compression method 0
2018-11-26 22:32:15,284 STREAM b'pHYs' 3199 9
2018-11-26 22:32:15,284 STREAM b'iTXt' 3220 415
2018-11-26 22:32:15,284 STREAM b'iDOT' 3647 28
2018-11-26 22:32:15,284 b'iDOT' 3647 28 (unknown)
2018-11-26 22:32:15,284 STREAM b'IDAT' 3687 16384
2018-11-26 22:35:25,576 STREAM b'IHDR' 16 13
2018-11-26 22:35:25,576 STREAM b'iCCP' 41 3146
2018-11-26 22:35:25,577 iCCP profile name b'ICC Profile'
2018-11-26 22:35:25,577 Compression method 0
2018-11-26 22:35:25,577 STREAM b'pHYs' 3199 9
2018-11-26 22:35:25,577 STREAM b'iTXt' 3220 415
2018-11-26 22:35:25,577 STREAM b'iDOT' 3647 28
2018-11-26 22:35:25,577 b'iDOT' 3647 28 (unknown)
2018-11-26 22:35:25,577 STREAM b'IDAT' 3687 16384
2018-11-26 22:37:44,343 STREAM b'IHDR' 16 13
2018-11-26 22:37:44,343 STREAM b'iCCP' 41 3146
2018-11-26 22:37:44,343 iCCP profile name b'ICC Profile'
2018-11-26 22:37:44,343 Compression method 0
2018-11-26 22:37:44,343 STREAM b'pHYs' 3199 9
2018-11-26 22:37:44,343 STREAM b'iTXt' 3220 415
2018-11-26 22:37:44,343 STREAM b'iDOT' 3647 28
2018-11-26 22:37:44,343 b'iDOT' 3647 28 (unknown)
2018-11-26 22:37:44,343 STREAM b'IDAT' 3687 16384
2018-11-26 22:39:11,953 STREAM b'IHDR' 16 13
2018-11-26 22:39:11,954 STREAM b'iCCP' 41 3146
2018-11-26 22:39:11,954 iCCP profile name b'ICC Profile'
2018-11-26 22:39:11,954 Compression method 0
2018-11-26 22:39:11,954 STREAM b'pHYs' 3199 9
2018-11-26 22:39:11,954 STREAM b'iTXt' 3220 415
2018-11-26 22:39:11,954 STREAM b'iDOT' 3647 28
2018-11-26 22:39:11,954 b'iDOT' 3647 28 (unknown)
2018-11-26 22:39:11,954 STREAM b'IDAT' 3687 16384
2018-11-26 22:44:46,564 STREAM b'IHDR' 16 13
2018-11-26 22:44:46,564 STREAM b'iCCP' 41 3146
2018-11-26 22:44:46,564 iCCP profile name b'ICC Profile'
2018-11-26 22:44:46,564 Compression method 0
2018-11-26 22:44:46,564 STREAM b'pHYs' 3199 9
2018-11-26 22:44:46,564 STREAM b'iTXt' 3220 415
2018-11-26 22:44:46,564 STREAM b'iDOT' 3647 28
2018-11-26 22:44:46,564 b'iDOT' 3647 28 (unknown)
2018-11-26 22:44:46,564 STREAM b'IDAT' 3687 16384
2018-11-26 22:45:55,022 STREAM b'IHDR' 16 13
2018-11-26 22:45:55,022 STREAM b'iCCP' 41 3146
2018-11-26 22:45:55,022 iCCP profile name b'ICC Profile'
2018-11-26 22:45:55,022 Compression method 0
2018-11-26 22:45:55,023 STREAM b'pHYs' 3199 9
2018-11-26 22:45:55,023 STREAM b'iTXt' 3220 415
2018-11-26 22:45:55,023 STREAM b'iDOT' 3647 28
2018-11-26 22:45:55,023 b'iDOT' 3647 28 (unknown)
2018-11-26 22:45:55,023 STREAM b'IDAT' 3687 16384
2018-11-26 22:46:42,965 STREAM b'IHDR' 16 13
2018-11-26 22:46:42,965 STREAM b'iCCP' 41 3146
2018-11-26 22:46:42,965 iCCP profile name b'ICC Profile'
2018-11-26 22:46:42,965 Compression method 0
2018-11-26 22:46:42,965 STREAM b'pHYs' 3199 9
2018-11-26 22:46:42,965 STREAM b'iTXt' 3220 415
2018-11-26 22:46:42,965 STREAM b'iDOT' 3647 28
2018-11-26 22:46:42,965 b'iDOT' 3647 28 (unknown)
2018-11-26 22:46:42,965 STREAM b'IDAT' 3687 16384
2018-11-26 22:54:58,536 STREAM b'IHDR' 16 13
2018-11-26 22:54:58,536 STREAM b'iCCP' 41 3146
2018-11-26 22:54:58,536 iCCP profile name b'ICC Profile'
2018-11-26 22:54:58,536 Compression method 0
2018-11-26 22:54:58,536 STREAM b'pHYs' 3199 9
2018-11-26 22:54:58,536 STREAM b'iTXt' 3220 415
2018-11-26 22:54:58,537 STREAM b'iDOT' 3647 28
2018-11-26 22:54:58,537 b'iDOT' 3647 28 (unknown)
2018-11-26 22:54:58,537 STREAM b'IDAT' 3687 16384
2018-11-26 22:55:37,583 STREAM b'IHDR' 16 13
2018-11-26 22:55:37,584 STREAM b'iCCP' 41 3146
2018-11-26 22:55:37,584 iCCP profile name b'ICC Profile'
2018-11-26 22:55:37,584 Compression method 0
2018-11-26 22:55:37,584 STREAM b'pHYs' 3199 9
2018-11-26 22:55:37,584 STREAM b'iTXt' 3220 415
2018-11-26 22:55:37,584 STREAM b'iDOT' 3647 28
2018-11-26 22:55:37,584 b'iDOT' 3647 28 (unknown)
2018-11-26 22:55:37,584 STREAM b'IDAT' 3687 16384
2018-11-26 22:57:31,726 STREAM b'IHDR' 16 13
2018-11-26 22:57:31,726 STREAM b'iCCP' 41 3146
2018-11-26 22:57:31,726 iCCP profile name b'ICC Profile'
2018-11-26 22:57:31,726 Compression method 0
2018-11-26 22:57:31,726 STREAM b'pHYs' 3199 9
2018-11-26 22:57:31,727 STREAM b'iTXt' 3220 415
2018-11-26 22:57:31,727 STREAM b'iDOT' 3647 28
2018-11-26 22:57:31,727 b'iDOT' 3647 28 (unknown)
2018-11-26 22:57:31,727 STREAM b'IDAT' 3687 16384
2018-11-26 22:59:20,182 STREAM b'IHDR' 16 13
2018-11-26 22:59:20,183 STREAM b'iCCP' 41 3146
2018-11-26 22:59:20,183 iCCP profile name b'ICC Profile'
2018-11-26 22:59:20,183 Compression method 0
2018-11-26 22:59:20,183 STREAM b'pHYs' 3199 9
2018-11-26 22:59:20,183 STREAM b'iTXt' 3220 415
2018-11-26 22:59:20,183 STREAM b'iDOT' 3647 28
2018-11-26 22:59:20,183 b'iDOT' 3647 28 (unknown)
2018-11-26 22:59:20,183 STREAM b'IDAT' 3687 16384
2018-11-26 23:00:19,224 STREAM b'IHDR' 16 13
2018-11-26 23:00:19,224 STREAM b'iCCP' 41 3146
2018-11-26 23:00:19,224 iCCP profile name b'ICC Profile'
2018-11-26 23:00:19,224 Compression method 0
2018-11-26 23:00:19,224 STREAM b'pHYs' 3199 9
2018-11-26 23:00:19,224 STREAM b'iTXt' 3220 415
2018-11-26 23:00:19,224 STREAM b'iDOT' 3647 28
2018-11-26 23:00:19,224 b'iDOT' 3647 28 (unknown)
2018-11-26 23:00:19,224 STREAM b'IDAT' 3687 16384
2018-11-26 23:02:08,802 STREAM b'IHDR' 16 13
2018-11-26 23:02:08,803 STREAM b'iCCP' 41 3146
2018-11-26 23:02:08,803 iCCP profile name b'ICC Profile'
2018-11-26 23:02:08,803 Compression method 0
2018-11-26 23:02:08,803 STREAM b'pHYs' 3199 9
2018-11-26 23:02:08,803 STREAM b'iTXt' 3220 415
2018-11-26 23:02:08,803 STREAM b'iDOT' 3647 28
2018-11-26 23:02:08,803 b'iDOT' 3647 28 (unknown)
2018-11-26 23:02:08,803 STREAM b'IDAT' 3687 16384
2018-11-26 23:05:44,834 STREAM b'IHDR' 16 13
2018-11-26 23:05:44,835 STREAM b'iCCP' 41 3146
2018-11-26 23:05:44,835 iCCP profile name b'ICC Profile'
2018-11-26 23:05:44,835 Compression method 0
2018-11-26 23:05:44,835 STREAM b'pHYs' 3199 9
2018-11-26 23:05:44,835 STREAM b'iTXt' 3220 415
2018-11-26 23:05:44,835 STREAM b'iDOT' 3647 28
2018-11-26 23:05:44,835 b'iDOT' 3647 28 (unknown)
2018-11-26 23:05:44,835 STREAM b'IDAT' 3687 16384
2018-11-26 23:06:24,592 STREAM b'IHDR' 16 13
2018-11-26 23:06:24,592 STREAM b'iCCP' 41 3146
2018-11-26 23:06:24,592 iCCP profile name b'ICC Profile'
2018-11-26 23:06:24,593 Compression method 0
2018-11-26 23:06:24,593 STREAM b'pHYs' 3199 9
2018-11-26 23:06:24,593 STREAM b'iTXt' 3220 415
2018-11-26 23:06:24,593 STREAM b'iDOT' 3647 28
2018-11-26 23:06:24,593 b'iDOT' 3647 28 (unknown)
2018-11-26 23:06:24,593 STREAM b'IDAT' 3687 16384
2018-11-26 23:08:24,551 STREAM b'IHDR' 16 13
2018-11-26 23:08:24,551 STREAM b'iCCP' 41 3146
2018-11-26 23:08:24,552 iCCP profile name b'ICC Profile'
2018-11-26 23:08:24,552 Compression method 0
2018-11-26 23:08:24,552 STREAM b'pHYs' 3199 9
2018-11-26 23:08:24,552 STREAM b'iTXt' 3220 415
2018-11-26 23:08:24,552 STREAM b'iDOT' 3647 28
2018-11-26 23:08:24,552 b'iDOT' 3647 28 (unknown)
2018-11-26 23:08:24,552 STREAM b'IDAT' 3687 16384
2018-11-26 23:09:01,468 STREAM b'IHDR' 16 13
2018-11-26 23:09:01,468 STREAM b'iCCP' 41 3146
2018-11-26 23:09:01,468 iCCP profile name b'ICC Profile'
2018-11-26 23:09:01,469 Compression method 0
2018-11-26 23:09:01,470 STREAM b'pHYs' 3199 9
2018-11-26 23:09:01,470 STREAM b'iTXt' 3220 415
2018-11-26 23:09:01,470 STREAM b'iDOT' 3647 28
2018-11-26 23:09:01,470 b'iDOT' 3647 28 (unknown)
2018-11-26 23:09:01,470 STREAM b'IDAT' 3687 16384
2018-11-26 23:12:07,814 STREAM b'IHDR' 16 13
2018-11-26 23:12:07,814 STREAM b'iCCP' 41 3146
2018-11-26 23:12:07,814 iCCP profile name b'ICC Profile'
2018-11-26 23:12:07,815 Compression method 0
2018-11-26 23:12:07,815 STREAM b'pHYs' 3199 9
2018-11-26 23:12:07,815 STREAM b'iTXt' 3220 415
2018-11-26 23:12:07,815 STREAM b'iDOT' 3647 28
2018-11-26 23:12:07,815 b'iDOT' 3647 28 (unknown)
2018-11-26 23:12:07,815 STREAM b'IDAT' 3687 16384
2018-11-26 23:23:12,502 STREAM b'IHDR' 16 13
2018-11-26 23:23:12,502 STREAM b'iCCP' 41 3146
2018-11-26 23:23:12,503 iCCP profile name b'ICC Profile'
2018-11-26 23:23:12,504 Compression method 0
2018-11-26 23:23:12,504 STREAM b'pHYs' 3199 9
2018-11-26 23:23:12,504 STREAM b'iTXt' 3220 415
2018-11-26 23:23:12,504 STREAM b'iDOT' 3647 28
2018-11-26 23:23:12,504 b'iDOT' 3647 28 (unknown)
2018-11-26 23:23:12,504 STREAM b'IDAT' 3687 16384
2018-11-26 23:25:12,897 STREAM b'IHDR' 16 13
2018-11-26 23:25:12,897 STREAM b'iCCP' 41 3146
2018-11-26 23:25:12,897 iCCP profile name b'ICC Profile'
2018-11-26 23:25:12,898 Compression method 0
2018-11-26 23:25:12,898 STREAM b'pHYs' 3199 9
2018-11-26 23:25:12,898 STREAM b'iTXt' 3220 415
2018-11-26 23:25:12,898 STREAM b'iDOT' 3647 28
2018-11-26 23:25:12,898 b'iDOT' 3647 28 (unknown)
2018-11-26 23:25:12,898 STREAM b'IDAT' 3687 16384
2018-11-26 23:27:19,580 STREAM b'IHDR' 16 13
2018-11-26 23:27:19,580 STREAM b'iCCP' 41 3146
2018-11-26 23:27:19,580 iCCP profile name b'ICC Profile'
2018-11-26 23:27:19,581 Compression method 0
2018-11-26 23:27:19,581 STREAM b'pHYs' 3199 9
2018-11-26 23:27:19,581 STREAM b'iTXt' 3220 415
2018-11-26 23:27:19,582 STREAM b'iDOT' 3647 28
2018-11-26 23:27:19,582 b'iDOT' 3647 28 (unknown)
2018-11-26 23:27:19,582 STREAM b'IDAT' 3687 16384
2018-11-26 23:27:55,583 STREAM b'IHDR' 16 13
2018-11-26 23:27:55,583 STREAM b'iCCP' 41 3146
2018-11-26 23:27:55,583 iCCP profile name b'ICC Profile'
2018-11-26 23:27:55,584 Compression method 0
2018-11-26 23:27:55,584 STREAM b'pHYs' 3199 9
2018-11-26 23:27:55,584 STREAM b'iTXt' 3220 415
2018-11-26 23:27:55,584 STREAM b'iDOT' 3647 28
2018-11-26 23:27:55,584 b'iDOT' 3647 28 (unknown)
2018-11-26 23:27:55,584 STREAM b'IDAT' 3687 16384
2018-11-26 23:29:31,739 STREAM b'IHDR' 16 13
2018-11-26 23:29:31,739 STREAM b'iCCP' 41 3146
2018-11-26 23:29:31,740 iCCP profile name b'ICC Profile'
2018-11-26 23:29:31,741 Compression method 0
2018-11-26 23:29:31,741 STREAM b'pHYs' 3199 9
2018-11-26 23:29:31,741 STREAM b'iTXt' 3220 415
2018-11-26 23:29:31,741 STREAM b'iDOT' 3647 28
2018-11-26 23:29:31,741 b'iDOT' 3647 28 (unknown)
2018-11-26 23:29:31,741 STREAM b'IDAT' 3687 16384
2018-11-26 23:30:40,790 STREAM b'IHDR' 16 13
2018-11-26 23:30:40,790 STREAM b'iCCP' 41 3146
2018-11-26 23:30:40,790 iCCP profile name b'ICC Profile'
2018-11-26 23:30:40,791 Compression method 0
2018-11-26 23:30:40,791 STREAM b'pHYs' 3199 9
2018-11-26 23:30:40,791 STREAM b'iTXt' 3220 415
2018-11-26 23:30:40,792 STREAM b'iDOT' 3647 28
2018-11-26 23:30:40,792 b'iDOT' 3647 28 (unknown)
2018-11-26 23:30:40,792 STREAM b'IDAT' 3687 16384
2018-11-26 23:32:23,758 STREAM b'IHDR' 16 13
2018-11-26 23:32:23,758 STREAM b'iCCP' 41 3146
2018-11-26 23:32:23,758 iCCP profile name b'ICC Profile'
2018-11-26 23:32:23,759 Compression method 0
2018-11-26 23:32:23,759 STREAM b'pHYs' 3199 9
2018-11-26 23:32:23,759 STREAM b'iTXt' 3220 415
2018-11-26 23:32:23,759 STREAM b'iDOT' 3647 28
2018-11-26 23:32:23,759 b'iDOT' 3647 28 (unknown)
2018-11-26 23:32:23,759 STREAM b'IDAT' 3687 16384
2018-11-26 23:34:01,136 STREAM b'IHDR' 16 13
2018-11-26 23:34:01,136 STREAM b'iCCP' 41 3146
2018-11-26 23:34:01,137 iCCP profile name b'ICC Profile'
2018-11-26 23:34:01,138 Compression method 0
2018-11-26 23:34:01,138 STREAM b'pHYs' 3199 9
2018-11-26 23:34:01,138 STREAM b'iTXt' 3220 415
2018-11-26 23:34:01,138 STREAM b'iDOT' 3647 28
2018-11-26 23:34:01,138 b'iDOT' 3647 28 (unknown)
2018-11-26 23:34:01,138 STREAM b'IDAT' 3687 16384
2018-11-26 23:36:25,669 STREAM b'IHDR' 16 13
2018-11-26 23:36:25,670 STREAM b'iCCP' 41 3146
2018-11-26 23:36:25,670 iCCP profile name b'ICC Profile'
2018-11-26 23:36:25,671 Compression method 0
2018-11-26 23:36:25,671 STREAM b'pHYs' 3199 9
2018-11-26 23:36:25,671 STREAM b'iTXt' 3220 415
2018-11-26 23:36:25,671 STREAM b'iDOT' 3647 28
2018-11-26 23:36:25,671 b'iDOT' 3647 28 (unknown)
2018-11-26 23:36:25,671 STREAM b'IDAT' 3687 16384
2018-11-26 23:36:52,370 STREAM b'IHDR' 16 13
2018-11-26 23:36:52,370 STREAM b'iCCP' 41 3146
2018-11-26 23:36:52,370 iCCP profile name b'ICC Profile'
2018-11-26 23:36:52,371 Compression method 0
2018-11-26 23:36:52,371 STREAM b'pHYs' 3199 9
2018-11-26 23:36:52,371 STREAM b'iTXt' 3220 415
2018-11-26 23:36:52,372 STREAM b'iDOT' 3647 28
2018-11-26 23:36:52,372 b'iDOT' 3647 28 (unknown)
2018-11-26 23:36:52,372 STREAM b'IDAT' 3687 16384
2018-11-26 23:38:49,529 STREAM b'IHDR' 16 13
2018-11-26 23:38:49,529 STREAM b'iCCP' 41 3146
2018-11-26 23:38:49,530 iCCP profile name b'ICC Profile'
2018-11-26 23:38:49,531 Compression method 0
2018-11-26 23:38:49,531 STREAM b'pHYs' 3199 9
2018-11-26 23:38:49,531 STREAM b'iTXt' 3220 415
2018-11-26 23:38:49,531 STREAM b'iDOT' 3647 28
2018-11-26 23:38:49,531 b'iDOT' 3647 28 (unknown)
2018-11-26 23:38:49,531 STREAM b'IDAT' 3687 16384
2018-11-26 23:42:26,988 STREAM b'IHDR' 16 13
2018-11-26 23:42:26,988 STREAM b'iCCP' 41 3146
2018-11-26 23:42:26,988 iCCP profile name b'ICC Profile'
2018-11-26 23:42:26,989 Compression method 0
2018-11-26 23:42:26,990 STREAM b'pHYs' 3199 9
2018-11-26 23:42:26,990 STREAM b'iTXt' 3220 415
2018-11-26 23:42:26,990 STREAM b'iDOT' 3647 28
2018-11-26 23:42:26,990 b'iDOT' 3647 28 (unknown)
2018-11-26 23:42:26,990 STREAM b'IDAT' 3687 16384
2018-11-26 23:43:42,919 STREAM b'IHDR' 16 13
2018-11-26 23:43:42,919 STREAM b'iCCP' 41 3146
2018-11-26 23:43:42,919 iCCP profile name b'ICC Profile'
2018-11-26 23:43:42,919 Compression method 0
2018-11-26 23:43:42,920 STREAM b'pHYs' 3199 9
2018-11-26 23:43:42,920 STREAM b'iTXt' 3220 415
2018-11-26 23:43:42,920 STREAM b'iDOT' 3647 28
2018-11-26 23:43:42,920 b'iDOT' 3647 28 (unknown)
2018-11-26 23:43:42,920 STREAM b'IDAT' 3687 16384
2018-11-26 23:44:23,366 STREAM b'IHDR' 16 13
2018-11-26 23:44:23,366 STREAM b'iCCP' 41 3146
2018-11-26 23:44:23,366 iCCP profile name b'ICC Profile'
2018-11-26 23:44:23,366 Compression method 0
2018-11-26 23:44:23,366 STREAM b'pHYs' 3199 9
2018-11-26 23:44:23,367 STREAM b'iTXt' 3220 415
2018-11-26 23:44:23,367 STREAM b'iDOT' 3647 28
2018-11-26 23:44:23,367 b'iDOT' 3647 28 (unknown)
2018-11-26 23:44:23,367 STREAM b'IDAT' 3687 16384
2018-11-26 23:47:11,963 STREAM b'IHDR' 16 13
2018-11-26 23:47:11,964 STREAM b'iCCP' 41 3146
2018-11-26 23:47:11,964 iCCP profile name b'ICC Profile'
2018-11-26 23:47:11,965 Compression method 0
2018-11-26 23:47:11,965 STREAM b'pHYs' 3199 9
2018-11-26 23:47:11,965 STREAM b'iTXt' 3220 415
2018-11-26 23:47:11,965 STREAM b'iDOT' 3647 28
2018-11-26 23:47:11,965 b'iDOT' 3647 28 (unknown)
2018-11-26 23:47:11,965 STREAM b'IDAT' 3687 16384
2018-11-26 23:49:10,446 STREAM b'IHDR' 16 13
2018-11-26 23:49:10,446 STREAM b'iCCP' 41 3146
2018-11-26 23:49:10,447 iCCP profile name b'ICC Profile'
2018-11-26 23:49:10,448 Compression method 0
2018-11-26 23:49:10,448 STREAM b'pHYs' 3199 9
2018-11-26 23:49:10,448 STREAM b'iTXt' 3220 415
2018-11-26 23:49:10,448 STREAM b'iDOT' 3647 28
2018-11-26 23:49:10,448 b'iDOT' 3647 28 (unknown)
2018-11-26 23:49:10,448 STREAM b'IDAT' 3687 16384
2018-11-26 23:54:01,725 STREAM b'IHDR' 16 13
2018-11-26 23:54:01,726 STREAM b'iCCP' 41 3146
2018-11-26 23:54:01,726 iCCP profile name b'ICC Profile'
2018-11-26 23:54:01,727 Compression method 0
2018-11-26 23:54:01,727 STREAM b'pHYs' 3199 9
2018-11-26 23:54:01,727 STREAM b'iTXt' 3220 415
2018-11-26 23:54:01,727 STREAM b'iDOT' 3647 28
2018-11-26 23:54:01,727 b'iDOT' 3647 28 (unknown)
2018-11-26 23:54:01,727 STREAM b'IDAT' 3687 16384
2018-11-26 23:55:54,673 STREAM b'IHDR' 16 13
2018-11-26 23:55:54,673 STREAM b'iCCP' 41 3146
2018-11-26 23:55:54,673 iCCP profile name b'ICC Profile'
2018-11-26 23:55:54,674 Compression method 0
2018-11-26 23:55:54,674 STREAM b'pHYs' 3199 9
2018-11-26 23:55:54,674 STREAM b'iTXt' 3220 415
2018-11-26 23:55:54,674 STREAM b'iDOT' 3647 28
2018-11-26 23:55:54,675 b'iDOT' 3647 28 (unknown)
2018-11-26 23:55:54,675 STREAM b'IDAT' 3687 16384
2018-11-26 23:57:52,455 STREAM b'IHDR' 16 13
2018-11-26 23:57:52,455 STREAM b'iCCP' 41 3146
2018-11-26 23:57:52,455 iCCP profile name b'ICC Profile'
2018-11-26 23:57:52,456 Compression method 0
2018-11-26 23:57:52,457 STREAM b'pHYs' 3199 9
2018-11-26 23:57:52,457 STREAM b'iTXt' 3220 415
2018-11-26 23:57:52,457 STREAM b'iDOT' 3647 28
2018-11-26 23:57:52,457 b'iDOT' 3647 28 (unknown)
2018-11-26 23:57:52,457 STREAM b'IDAT' 3687 16384
2018-11-26 23:58:24,664 STREAM b'IHDR' 16 13
2018-11-26 23:58:24,665 STREAM b'iCCP' 41 3146
2018-11-26 23:58:24,665 iCCP profile name b'ICC Profile'
2018-11-26 23:58:24,666 Compression method 0
2018-11-26 23:58:24,666 STREAM b'pHYs' 3199 9
2018-11-26 23:58:24,666 STREAM b'iTXt' 3220 415
2018-11-26 23:58:24,666 STREAM b'iDOT' 3647 28
2018-11-26 23:58:24,666 b'iDOT' 3647 28 (unknown)
2018-11-26 23:58:24,666 STREAM b'IDAT' 3687 16384
2018-11-26 23:59:08,471 STREAM b'IHDR' 16 13
2018-11-26 23:59:08,471 STREAM b'iCCP' 41 3146
2018-11-26 23:59:08,471 iCCP profile name b'ICC Profile'
2018-11-26 23:59:08,471 Compression method 0
2018-11-26 23:59:08,471 STREAM b'pHYs' 3199 9
2018-11-26 23:59:08,471 STREAM b'iTXt' 3220 415
2018-11-26 23:59:08,471 STREAM b'iDOT' 3647 28
2018-11-26 23:59:08,471 b'iDOT' 3647 28 (unknown)
2018-11-26 23:59:08,471 STREAM b'IDAT' 3687 16384
2018-11-27 13:14:57,092 STREAM b'IHDR' 16 13
2018-11-27 13:14:57,093 STREAM b'iCCP' 41 3146
2018-11-27 13:14:57,093 iCCP profile name b'ICC Profile'
2018-11-27 13:14:57,093 Compression method 0
2018-11-27 13:14:57,093 STREAM b'pHYs' 3199 9
2018-11-27 13:14:57,093 STREAM b'iTXt' 3220 415
2018-11-27 13:14:57,093 STREAM b'iDOT' 3647 28
2018-11-27 13:14:57,093 b'iDOT' 3647 28 (unknown)
2018-11-27 13:14:57,093 STREAM b'IDAT' 3687 16384
2018-11-29 15:24:58,812 STREAM b'IHDR' 16 13
2018-11-29 15:24:58,813 STREAM b'iCCP' 41 3146
2018-11-29 15:24:58,813 iCCP profile name b'ICC Profile'
2018-11-29 15:24:58,813 Compression method 0
2018-11-29 15:24:58,813 STREAM b'pHYs' 3199 9
2018-11-29 15:24:58,813 STREAM b'iTXt' 3220 415
2018-11-29 15:24:58,813 STREAM b'iDOT' 3647 28
2018-11-29 15:24:58,813 b'iDOT' 3647 28 (unknown)
2018-11-29 15:24:58,813 STREAM b'IDAT' 3687 16384
2018-11-29 15:37:14,740 STREAM b'IHDR' 16 13
2018-11-29 15:37:14,740 STREAM b'iCCP' 41 3146
2018-11-29 15:37:14,740 iCCP profile name b'ICC Profile'
2018-11-29 15:37:14,740 Compression method 0
2018-11-29 15:37:14,741 STREAM b'pHYs' 3199 9
2018-11-29 15:37:14,741 STREAM b'iTXt' 3220 415
2018-11-29 15:37:14,741 STREAM b'iDOT' 3647 28
2018-11-29 15:37:14,741 b'iDOT' 3647 28 (unknown)
2018-11-29 15:37:14,741 STREAM b'IDAT' 3687 16384
2018-12-03 15:41:58,108 STREAM b'IHDR' 16 13
2018-12-03 15:41:58,109 STREAM b'iCCP' 41 3146
2018-12-03 15:41:58,109 iCCP profile name b'ICC Profile'
2018-12-03 15:41:58,109 Compression method 0
2018-12-03 15:41:58,110 STREAM b'pHYs' 3199 9
2018-12-03 15:41:58,110 STREAM b'iTXt' 3220 415
2018-12-03 15:41:58,110 STREAM b'iDOT' 3647 28
2018-12-03 15:41:58,110 b'iDOT' 3647 28 (unknown)
2018-12-03 15:41:58,110 STREAM b'IDAT' 3687 16384
2018-12-03 15:44:26,645 STREAM b'IHDR' 16 13
2018-12-03 15:44:26,645 STREAM b'iCCP' 41 3146
2018-12-03 15:44:26,645 iCCP profile name b'ICC Profile'
2018-12-03 15:44:26,645 Compression method 0
2018-12-03 15:44:26,648 STREAM b'pHYs' 3199 9
2018-12-03 15:44:26,648 STREAM b'iTXt' 3220 415
2018-12-03 15:44:26,648 STREAM b'iDOT' 3647 28
2018-12-03 15:44:26,648 b'iDOT' 3647 28 (unknown)
2018-12-03 15:44:26,648 STREAM b'IDAT' 3687 16384
2018-12-03 15:45:48,441 STREAM b'IHDR' 16 13
2018-12-03 15:45:48,441 STREAM b'iCCP' 41 3146
2018-12-03 15:45:48,441 iCCP profile name b'ICC Profile'
2018-12-03 15:45:48,442 Compression method 0
2018-12-03 15:45:48,442 STREAM b'pHYs' 3199 9
2018-12-03 15:45:48,442 STREAM b'iTXt' 3220 415
2018-12-03 15:45:48,442 STREAM b'iDOT' 3647 28
2018-12-03 15:45:48,442 b'iDOT' 3647 28 (unknown)
2018-12-03 15:45:48,443 STREAM b'IDAT' 3687 16384
2018-12-03 15:57:24,217 STREAM b'IHDR' 16 13
2018-12-03 15:57:24,218 STREAM b'iCCP' 41 3146
2018-12-03 15:57:24,218 iCCP profile name b'ICC Profile'
2018-12-03 15:57:24,218 Compression method 0
2018-12-03 15:57:24,218 STREAM b'pHYs' 3199 9
2018-12-03 15:57:24,218 STREAM b'iTXt' 3220 415
2018-12-03 15:57:24,218 STREAM b'iDOT' 3647 28
2018-12-03 15:57:24,218 b'iDOT' 3647 28 (unknown)
2018-12-03 15:57:24,218 STREAM b'IDAT' 3687 16384
2018-12-03 15:59:16,427 STREAM b'IHDR' 16 13
2018-12-03 15:59:16,427 STREAM b'iCCP' 41 3146
2018-12-03 15:59:16,427 iCCP profile name b'ICC Profile'
2018-12-03 15:59:16,427 Compression method 0
2018-12-03 15:59:16,428 STREAM b'pHYs' 3199 9
2018-12-03 15:59:16,428 STREAM b'iTXt' 3220 415
2018-12-03 15:59:16,428 STREAM b'iDOT' 3647 28
2018-12-03 15:59:16,428 b'iDOT' 3647 28 (unknown)
2018-12-03 15:59:16,428 STREAM b'IDAT' 3687 16384
2018-12-03 15:59:55,514 STREAM b'IHDR' 16 13
2018-12-03 15:59:55,515 STREAM b'iCCP' 41 3146
2018-12-03 15:59:55,515 iCCP profile name b'ICC Profile'
2018-12-03 15:59:55,515 Compression method 0
2018-12-03 15:59:55,515 STREAM b'pHYs' 3199 9
2018-12-03 15:59:55,515 STREAM b'iTXt' 3220 415
2018-12-03 15:59:55,515 STREAM b'iDOT' 3647 28
2018-12-03 15:59:55,515 b'iDOT' 3647 28 (unknown)
2018-12-03 15:59:55,515 STREAM b'IDAT' 3687 16384
2018-12-03 16:00:28,326 STREAM b'IHDR' 16 13
2018-12-03 16:00:28,326 STREAM b'iCCP' 41 3146
2018-12-03 16:00:28,326 iCCP profile name b'ICC Profile'
2018-12-03 16:00:28,327 Compression method 0
2018-12-03 16:00:28,327 STREAM b'pHYs' 3199 9
2018-12-03 16:00:28,327 STREAM b'iTXt' 3220 415
2018-12-03 16:00:28,327 STREAM b'iDOT' 3647 28
2018-12-03 16:00:28,327 b'iDOT' 3647 28 (unknown)
2018-12-03 16:00:28,327 STREAM b'IDAT' 3687 16384
2018-12-03 16:01:17,562 STREAM b'IHDR' 16 13
2018-12-03 16:01:17,563 STREAM b'iCCP' 41 3146
2018-12-03 16:01:17,563 iCCP profile name b'ICC Profile'
2018-12-03 16:01:17,563 Compression method 0
2018-12-03 16:01:17,563 STREAM b'pHYs' 3199 9
2018-12-03 16:01:17,563 STREAM b'iTXt' 3220 415
2018-12-03 16:01:17,563 STREAM b'iDOT' 3647 28
2018-12-03 16:01:17,563 b'iDOT' 3647 28 (unknown)
2018-12-03 16:01:17,563 STREAM b'IDAT' 3687 16384
2018-12-03 16:12:46,108 STREAM b'IHDR' 16 13
2018-12-03 16:12:46,108 STREAM b'iCCP' 41 3146
2018-12-03 16:12:46,108 iCCP profile name b'ICC Profile'
2018-12-03 16:12:46,108 Compression method 0
2018-12-03 16:12:46,108 STREAM b'pHYs' 3199 9
2018-12-03 16:12:46,108 STREAM b'iTXt' 3220 415
2018-12-03 16:12:46,108 STREAM b'iDOT' 3647 28
2018-12-03 16:12:46,108 b'iDOT' 3647 28 (unknown)
2018-12-03 16:12:46,108 STREAM b'IDAT' 3687 16384
2018-12-03 16:13:19,998 STREAM b'IHDR' 16 13
2018-12-03 16:13:19,998 STREAM b'iCCP' 41 3146
2018-12-03 16:13:19,998 iCCP profile name b'ICC Profile'
2018-12-03 16:13:19,998 Compression method 0
2018-12-03 16:13:19,998 STREAM b'pHYs' 3199 9
2018-12-03 16:13:19,998 STREAM b'iTXt' 3220 415
2018-12-03 16:13:19,999 STREAM b'iDOT' 3647 28
2018-12-03 16:13:19,999 b'iDOT' 3647 28 (unknown)
2018-12-03 16:13:19,999 STREAM b'IDAT' 3687 16384
2018-12-03 16:48:41,466 STREAM b'IHDR' 16 13
2018-12-03 16:48:41,467 STREAM b'iCCP' 41 3146
2018-12-03 16:48:41,467 iCCP profile name b'ICC Profile'
2018-12-03 16:48:41,467 Compression method 0
2018-12-03 16:48:41,467 STREAM b'pHYs' 3199 9
2018-12-03 16:48:41,467 STREAM b'iTXt' 3220 415
2018-12-03 16:48:41,467 STREAM b'iDOT' 3647 28
2018-12-03 16:48:41,467 b'iDOT' 3647 28 (unknown)
2018-12-03 16:48:41,467 STREAM b'IDAT' 3687 16384
2018-12-03 17:38:24,632 STREAM b'IHDR' 16 13
2018-12-03 17:38:24,633 STREAM b'iCCP' 41 380
2018-12-03 17:38:24,633 iCCP profile name b'ICC Profile'
2018-12-03 17:38:24,633 Compression method 0
2018-12-03 17:38:24,633 STREAM b'iTXt' 433 415
2018-12-03 17:38:24,633 STREAM b'IDAT' 860 16384
